[debug] [2024-03-28T14:46:10.956Z] ----------------------------------------------------------------------
[debug] [2024-03-28T14:46:10.958Z] Command:       C:\Program Files\nodejs\node.exe C:\Users\amsoz\AppData\Roaming\npm\node_modules\firebase-tools\lib\bin\firebase.js init
[debug] [2024-03-28T14:46:10.958Z] CLI Version:   13.6.0
[debug] [2024-03-28T14:46:10.958Z] Platform:      win32
[debug] [2024-03-28T14:46:10.958Z] Node Version:  v20.11.1
[debug] [2024-03-28T14:46:10.958Z] Time:          Thu Mar 28 2024 09:46:10 GMT-0500 (Central Daylight Time)
[debug] [2024-03-28T14:46:10.958Z] ----------------------------------------------------------------------
[debug] 
[debug] [2024-03-28T14:46:10.960Z] >>> [apiv2][query] GET https://firebase-public.firebaseio.com/cli.json [none]
[debug] [2024-03-28T14:46:10.991Z] > command requires scopes: ["email","openid","https://www.googleapis.com/auth/cloudplatformprojects.readonly","https://www.googleapis.com/auth/firebase","https://www.googleapis.com/auth/cloud-platform"]
[debug] [2024-03-28T14:46:10.991Z] > authorizing via signed-in user (ahmedsozzer9@gmail.com)
[info] 
     ######## #### ########  ######## ########     ###     ######  ########
     ##        ##  ##     ## ##       ##     ##  ##   ##  ##       ##
     ######    ##  ########  ######   ########  #########  ######  ######
     ##        ##  ##    ##  ##       ##     ## ##     ##       ## ##
     ##       #### ##     ## ######## ########  ##     ##  ######  ########

You're about to initialize a Firebase project in this directory:

  C:\Users\amsoz\Projects\ToDosUIUC\uiuc_todo

[debug] [2024-03-28T14:46:11.066Z] <<< [apiv2][status] GET https://firebase-public.firebaseio.com/cli.json 200
[debug] [2024-03-28T14:46:11.067Z] <<< [apiv2][body] GET https://firebase-public.firebaseio.com/cli.json {"cloudBuildErrorAfter":1594252800000,"cloudBuildWarnAfter":1590019200000,"defaultNode10After":1594252800000,"minVersion":"3.0.5","node8DeploysDisabledAfter":1613390400000,"node8RuntimeDisabledAfter":1615809600000,"node8WarnAfter":1600128000000}
